<?xml version="1.0" encoding="UTF-8"?>
<!-- Generated by org.testng.reporters.JUnitXMLReporter -->
<testsuite ignored="0" hostname="LTIN186771" failures="0" tests="11" name="Default test" time="47.915" errors="0" timestamp="2024-02-22T15:52:47 IST">
  <testcase classname="Testcase.TC_001Doctor" name="click_LocationSearchBox" time="3.307"/>
  <testcase classname="Testcase.TC_001Doctor" name="Location" time="2.037"/>
  <testcase classname="Testcase.TC_001Doctor" name="click_SearchDentist" time="17.113"/>
  <testcase classname="Testcase.TC_001Doctor" name="click_PatientStories" time="1.138"/>
  <testcase classname="Testcase.TC_001Doctor" name="click_Experience" time="1.153"/>
  <testcase classname="Testcase.TC_001Doctor" name="click_ToApplyFilter" time="3.018"/>
  <testcase classname="Testcase.TC_001Doctor" name="select_fees" time="1.077"/>
  <testcase classname="Testcase.TC_001Doctor" name="click_ToApplyFilter2" time="2.443"/>
  <testcase classname="Testcase.TC_001Doctor" name="select_availability" time="1.109"/>
  <testcase classname="Testcase.TC_001Doctor" name="click_SortBy" time="3.789"/>
  <testcase classname="Testcase.TC_001Doctor" name="getDoctordetails" time="2.445"/>
</testsuite> <!-- Default test -->
